#
# There is insufficient memory for the Java Runtime Environment to continue.
# Native memory allocation (malloc) failed to allocate 1833296 bytes for Chunk::new
# Possible reasons:
#   The system is out of physical RAM or swap space
#   The process is running with CompressedOops enabled, and the Java Heap may be blocking the growth of the native heap
# Possible solutions:
#   Reduce memory load on the system
#   Increase physical memory or swap space
#   Check if swap backing store is full
#   Decrease Java heap size (-Xmx/-Xms)
#   Decrease number of Java threads
#   Decrease Java thread stack sizes (-Xss)
#   Set larger code cache with -XX:ReservedCodeCacheSize=
#   JVM is running with Unscaled Compressed Oops mode in which the Java heap is
#     placed in the first 4GB address space. The Java Heap base address is the
#     maximum limit for the native heap growth. Please use -XX:HeapBaseMinAddress
#     to set the Java Heap base and to place the Java Heap above 4GB virtual address.
# This output file may be truncated or incomplete.
#
#  Out of Memory Error (./src/hotspot/share/memory/arena.cpp:197), pid=2816, tid=7640
#
# JRE version: OpenJDK Runtime Environment (11.0.12+7) (build 11.0.12+7-b1504.28-7817840)
# Java VM: OpenJDK 64-Bit Server VM (11.0.12+7-b1504.28-7817840, mixed mode, tiered, compressed oops, g1 gc, windows-amd64)
# No core dump will be written. Minidumps are not enabled by default on client versions of Windows
#

---------------  S U M M A R Y ------------

Command Line: --add-opens=java.base/java.util=ALL-UNNAMED --add-opens=java.base/java.lang=ALL-UNNAMED --add-opens=java.base/java.lang.invoke=ALL-UNNAMED --add-opens=java.base/java.util=ALL-UNNAMED --add-opens=java.prefs/java.util.prefs=ALL-UNNAMED --add-opens=java.prefs/java.util.prefs=ALL-UNNAMED --add-opens=java.base/java.nio.charset=ALL-UNNAMED --add-opens=java.base/java.net=ALL-UNNAMED --add-opens=java.base/java.util.concurrent.atomic=ALL-UNNAMED -Xmx1024M -Dfile.encoding=UTF-8 -Duser.country=RU -Duser.language=ru -Duser.variant org.gradle.launcher.daemon.bootstrap.GradleDaemon 7.3.3

Host: AMD Ryzen 5 3500U with Radeon Vega Mobile Gfx  , 8 cores, 9G,  Windows 10 , 64 bit Build 19041 (10.0.19041.1466)
Time: Wed Jul 27 22:04:31 2022 Беларусь (зима) elapsed time: 4.164573 seconds (0d 0h 0m 4s)

---------------  T H R E A D  ---------------

Current thread (0x000001c8193b7800):  JavaThread "C2 CompilerThread1" daemon [_thread_in_native, id=7640, stack(0x0000009b7f500000,0x0000009b7f600000)]


Current CompileTask:
C2:   4164 1963       4       java.net.URLClassLoader$1::run (5 bytes)

Stack: [0x0000009b7f500000,0x0000009b7f600000]
Native frames: (J=compiled Java code, j=interpreted, Vv=VM code, C=native code)
V  [jvm.dll+0x5fbcea]
V  [jvm.dll+0x731905]
V  [jvm.dll+0x732f1d]
V  [jvm.dll+0x7335d3]
V  [jvm.dll+0x247bf8]
V  [jvm.dll+0xc018c]
V  [jvm.dll+0xc06cc]
V  [jvm.dll+0x35b31d]
V  [jvm.dll+0x328803]
V  [jvm.dll+0x327cfa]
V  [jvm.dll+0x200602]
V  [jvm.dll+0x1ff794]
V  [jvm.dll+0x18868c]
V  [jvm.dll+0x20e0d7]
V  [jvm.dll+0x20c901]
V  [jvm.dll+0x6f9b7f]
V  [jvm.dll+0x6f26a5]
V  [jvm.dll+0x5fabf6]
C  [ucrtbase.dll+0x21bb2]
C  [KERNEL32.DLL+0x17034]
C  [ntdll.dll+0x52651]


---------------  P R O C E S S  ---------------

Threads class SMR info:
_java_thread_list=0x000001c81983c040, length=24, elements={
0x000001c87c3aa800, 0x000001c81626f800, 0x000001c81627b000, 0x000001c816290800,
0x000001c816291800, 0x000001c816292800, 0x000001c8162a2000, 0x000001c8162a3000,
0x000001c8162ac800, 0x000001c816d88800, 0x000001c816d87000, 0x000001c816d86000,
0x000001c816d8b000, 0x000001c816d88000, 0x000001c816d85800, 0x000001c816d89800,
0x000001c816d8a800, 0x000001c816d8c000, 0x000001c8193bb000, 0x000001c8193bc000,
0x000001c8193be800, 0x000001c8193bd800, 0x000001c8193bd000, 0x000001c8193b7800
}

Java Threads: ( => current thread )
  0x000001c87c3aa800 JavaThread "main" [_thread_blocked, id=3124, stack(0x0000009b7cf00000,0x0000009b7d000000)]
  0x000001c81626f800 JavaThread "Reference Handler" daemon [_thread_blocked, id=13580, stack(0x0000009b7d600000,0x0000009b7d700000)]
  0x000001c81627b000 JavaThread "Finalizer" daemon [_thread_blocked, id=14344, stack(0x0000009b7d700000,0x0000009b7d800000)]
  0x000001c816290800 JavaThread "Signal Dispatcher" daemon [_thread_blocked, id=12868, stack(0x0000009b7d800000,0x0000009b7d900000)]
  0x000001c816291800 JavaThread "Attach Listener" daemon [_thread_blocked, id=3060, stack(0x0000009b7d900000,0x0000009b7da00000)]
  0x000001c816292800 JavaThread "Service Thread" daemon [_thread_blocked, id=6380, stack(0x0000009b7da00000,0x0000009b7db00000)]
  0x000001c8162a2000 JavaThread "C2 CompilerThread0" daemon [_thread_in_native, id=868, stack(0x0000009b7db00000,0x0000009b7dc00000)]
  0x000001c8162a3000 JavaThread "C1 CompilerThread0" daemon [_thread_blocked, id=7908, stack(0x0000009b7dc00000,0x0000009b7dd00000)]
  0x000001c8162ac800 JavaThread "Sweeper thread" daemon [_thread_blocked, id=4464, stack(0x0000009b7dd00000,0x0000009b7de00000)]
  0x000001c816d88800 JavaThread "Common-Cleaner" daemon [_thread_blocked, id=6160, stack(0x0000009b7de00000,0x0000009b7df00000)]
  0x000001c816d87000 JavaThread "Daemon health stats" [_thread_blocked, id=12168, stack(0x0000009b7e400000,0x0000009b7e500000)]
  0x000001c816d86000 JavaThread "Incoming local TCP Connector on port 52342" [_thread_in_native, id=9400, stack(0x0000009b7e000000,0x0000009b7e100000)]
  0x000001c816d8b000 JavaThread "Daemon periodic checks" [_thread_blocked, id=14076, stack(0x0000009b7e300000,0x0000009b7e400000)]
  0x000001c816d88000 JavaThread "Daemon" [_thread_blocked, id=9012, stack(0x0000009b7e500000,0x0000009b7e600000)]
  0x000001c816d85800 JavaThread "Handler for socket connection from /127.0.0.1:52342 to /127.0.0.1:52343" [_thread_in_native, id=7964, stack(0x0000009b7e600000,0x0000009b7e700000)]
  0x000001c816d89800 JavaThread "Cancel handler" [_thread_blocked, id=13240, stack(0x0000009b7e700000,0x0000009b7e800000)]
  0x000001c816d8a800 JavaThread "Daemon worker" [_thread_in_vm, id=15196, stack(0x0000009b7e800000,0x0000009b7e900000)]
  0x000001c816d8c000 JavaThread "Asynchronous log dispatcher for DefaultDaemonConnection: socket connection from /127.0.0.1:52342 to /127.0.0.1:52343" [_thread_blocked, id=7752, stack(0x0000009b7e900000,0x0000009b7ea00000)]
  0x000001c8193bb000 JavaThread "Stdin handler" [_thread_blocked, id=4664, stack(0x0000009b7ea00000,0x0000009b7eb00000)]
  0x000001c8193bc000 JavaThread "Daemon client event forwarder" [_thread_blocked, id=13700, stack(0x0000009b7eb00000,0x0000009b7ec00000)]
  0x000001c8193be800 JavaThread "Cache worker for journal cache (C:\Users\ILLU\.gradle\caches\journal-1)" [_thread_blocked, id=13656, stack(0x0000009b7f100000,0x0000009b7f200000)]
  0x000001c8193bd800 JavaThread "File lock request listener" [_thread_in_native, id=12608, stack(0x0000009b7f200000,0x0000009b7f300000)]
  0x000001c8193bd000 JavaThread "Cache worker for file hash cache (C:\Users\ILLU\.gradle\caches\7.3.3\fileHashes)" [_thread_blocked, id=1924, stack(0x0000009b7f400000,0x0000009b7f500000)]
=>0x000001c8193b7800 JavaThread "C2 CompilerThread1" daemon [_thread_in_native, id=7640, stack(0x0000009b7f500000,0x0000009b7f600000)]

Other Threads:
  0x000001c81626b800 VMThread "VM Thread" [stack: 0x0000009b7d500000,0x0000009b7d600000] [id=10352]
  0x000001c816d82800 WatcherThread [stack: 0x0000009b7df00000,0x0000009b7e000000] [id=12160]
  0x000001c87c3c6000 GCTaskThread "GC Thread#0" [stack: 0x0000009b7d000000,0x0000009b7d100000] [id=11716]
  0x000001c817bf3800 GCTaskThread "GC Thread#1" [stack: 0x0000009b7e100000,0x0000009b7e200000] [id=11260]
  0x000001c817a72800 GCTaskThread "GC Thread#2" [stack: 0x0000009b7e200000,0x0000009b7e300000] [id=2540]
  0x000001c819eb7000 GCTaskThread "GC Thread#3" [stack: 0x0000009b7ec00000,0x0000009b7ed00000] [id=6504]
  0x000001c8193c8800 GCTaskThread "GC Thread#4" [stack: 0x0000009b7ed00000,0x0000009b7ee00000] [id=8796]
  0x000001c8193c9800 GCTaskThread "GC Thread#5" [stack: 0x0000009b7ee00000,0x0000009b7ef00000] [id=7876]
  0x000001c819e7b800 GCTaskThread "GC Thread#6" [stack: 0x0000009b7ef00000,0x0000009b7f000000] [id=816]
  0x000001c819e7c000 GCTaskThread "GC Thread#7" [stack: 0x0000009b7f000000,0x0000009b7f100000] [id=9700]
  0x000001c87c3e3000 ConcurrentGCThread "G1 Main Marker" [stack: 0x0000009b7d100000,0x0000009b7d200000] [id=9564]
  0x000001c87c3e4000 ConcurrentGCThread "G1 Conc#0" [stack: 0x0000009b7d200000,0x0000009b7d300000] [id=3236]
  0x000001c81930c800 ConcurrentGCThread "G1 Conc#1" [stack: 0x0000009b7f300000,0x0000009b7f400000] [id=8084]
  0x000001c8160c0800 ConcurrentGCThread "G1 Refine#0" [stack: 0x0000009b7d300000,0x0000009b7d400000] [id=7656]
  0x000001c8160c1800 ConcurrentGCThread "G1 Young RemSet Sampling" [stack: 0x0000009b7d400000,0x0000009b7d500000] [id=7528]

Threads with active compile tasks:
C2 CompilerThread0   4186 2014       4       java.lang.reflect.ProxyGenerator$ConstantPool::getUtf8 (18 bytes)
C2 CompilerThread1   4186 1963       4       java.net.URLClassLoader$1::run (5 bytes)

VM state:not at safepoint (normal execution)

VM Mutex/Monitor currently owned by a thread: None

Heap address: 0x00000000c0000000, size: 1024 MB, Compressed Oops mode: 32-bit
Narrow klass base: 0x0000000000000000, Narrow klass shift: 3
Compressed class space size: 1073741824 Address: 0x0000000100000000

Heap:
 garbage-first heap   total 163840K, used 50866K [0x00000000c0000000, 0x0000000100000000)
  region size 1024K, 35 young (35840K), 1 survivors (1024K)
 Metaspace       used 24347K, capacity 24967K, committed 25088K, reserved 1071104K
  class space    used 3083K, capacity 3300K, committed 3328K, reserved 1048576K
Heap Regions: E=young(eden), S=young(survivor), O=old, HS=humongous(starts), HC=humongous(continues), CS=collection set, F=free, A=archive, TAMS=top-at-mark-start (previous, next)
|   0|0x00000000c0000000, 0x00000000c0100000, 0x00000000c0100000|100%| O|  |TAMS 0x00000000c0100000, 0x00000000c0000000| Untracked 
|   1|0x00000000c0100000, 0x00000000c0200000, 0x00000000c0200000|100%| O|  |TAMS 0x00000000c0200000, 0x00000000c0100000| Untracked 
|   2|0x00000000c0200000, 0x00000000c0300000, 0x00000000c0300000|100%| O|  |TAMS 0x00000000c0300000, 0x00000000c0200000| Untracked 
|   3|0x00000000c0300000, 0x00000000c0400000, 0x00000000c0400000|100%|HS|  |TAMS 0x00000000c0400000, 0x00000000c0300000| Complete 
|   4|0x00000000c0400000, 0x00000000c0500000, 0x00000000c0500000|100%|HC|  |TAMS 0x00000000c0500000, 0x00000000c0400000| Complete 
|   5|0x00000000c0500000, 0x00000000c0600000, 0x00000000c0600000|100%|HC|  |TAMS 0x00000000c0600000, 0x00000000c0500000| Complete 
|   6|0x00000000c0600000, 0x00000000c0700000, 0x00000000c0700000|100%| O|  |TAMS 0x00000000c0700000, 0x00000000c0600000| Untracked 
|   7|0x00000000c0700000, 0x00000000c0800000, 0x00000000c0800000|100%| O|  |TAMS 0x00000000c0800000, 0x00000000c0700000| Untracked 
|   8|0x00000000c0800000, 0x00000000c0900000, 0x00000000c0900000|100%| O|  |TAMS 0x00000000c0900000, 0x00000000c0800000| Untracked 
|   9|0x00000000c0900000, 0x00000000c0a00000, 0x00000000c0a00000|100%| O|  |TAMS 0x00000000c0a00000, 0x00000000c0900000| Untracked 
|  10|0x00000000c0a00000, 0x00000000c0b00000, 0x00000000c0b00000|100%| O|  |TAMS 0x00000000c0b00000, 0x00000000c0a00000| Untracked 
|  11|0x00000000c0b00000, 0x00000000c0c00000, 0x00000000c0c00000|100%| O|  |TAMS 0x00000000c0c00000, 0x00000000c0b00000| Untracked 
|  12|0x00000000c0c00000, 0x00000000c0d00000, 0x00000000c0d00000|100%| O|  |TAMS 0x00000000c0d00000, 0x00000000c0c00000| Untracked 
|  13|0x00000000c0d00000, 0x00000000c0e00000, 0x00000000c0e00000|100%| O|  |TAMS 0x00000000c0e00000, 0x00000000c0d00000| Untracked 
|  14|0x00000000c0e00000, 0x00000000c0f00000, 0x00000000c0f00000|100%| O|  |TAMS 0x00000000c0f00000, 0x00000000c0e00000| Untracked 
|  15|0x00000000c0f00000, 0x00000000c0faca00, 0x00000000c1000000| 67%| O|  |TAMS 0x00000000c0faca00, 0x00000000c0f00000| Untracked 
|  16|0x00000000c1000000, 0x00000000c1000000, 0x00000000c1100000|  0%| F|  |TAMS 0x00000000c1000000, 0x00000000c1000000| Untracked 
|  17|0x00000000c1100000, 0x00000000c1100000, 0x00000000c1200000|  0%| F|  |TAMS 0x00000000c1100000, 0x00000000c1100000| Untracked 
|  18|0x00000000c1200000, 0x00000000c1200000, 0x00000000c1300000|  0%| F|  |TAMS 0x00000000c1200000, 0x00000000c1200000| Untracked 
|  19|0x00000000c1300000, 0x00000000c1300000, 0x00000000c1400000|  0%| F|  |TAMS 0x00000000c1300000, 0x00000000c1300000| Untracked 
|  20|0x00000000c1400000, 0x00000000c1400000, 0x00000000c1500000|  0%| F|  |TAMS 0x00000000c1400000, 0x00000000c1400000| Untracked 
|  21|0x00000000c1500000, 0x00000000c1500000, 0x00000000c1600000|  0%| F|  |TAMS 0x00000000c1500000, 0x00000000c1500000| Untracked 
|  22|0x00000000c1600000, 0x00000000c1600000, 0x00000000c1700000|  0%| F|  |TAMS 0x00000000c1600000, 0x00000000c1600000| Untracked 
|  23|0x00000000c1700000, 0x00000000c1700000, 0x00000000c1800000|  0%| F|  |TAMS 0x00000000c1700000, 0x00000000c1700000| Untracked 
|  24|0x00000000c1800000, 0x00000000c1800000, 0x00000000c1900000|  0%| F|  |TAMS 0x00000000c1800000, 0x00000000c1800000| Untracked 
|  25|0x00000000c1900000, 0x00000000c1900000, 0x00000000c1a00000|  0%| F|  |TAMS 0x00000000c1900000, 0x00000000c1900000| Untracked 
|  26|0x00000000c1a00000, 0x00000000c1a00000, 0x00000000c1b00000|  0%| F|  |TAMS 0x00000000c1a00000, 0x00000000c1a00000| Untracked 
|  27|0x00000000c1b00000, 0x00000000c1b00000, 0x00000000c1c00000|  0%| F|  |TAMS 0x00000000c1b00000, 0x00000000c1b00000| Untracked 
|  28|0x00000000c1c00000, 0x00000000c1c00000, 0x00000000c1d00000|  0%| F|  |TAMS 0x00000000c1c00000, 0x00000000c1c00000| Untracked 
|  29|0x00000000c1d00000, 0x00000000c1d00000, 0x00000000c1e00000|  0%| F|  |TAMS 0x00000000c1d00000, 0x00000000c1d00000| Untracked 
|  30|0x00000000c1e00000, 0x00000000c1e00000, 0x00000000c1f00000|  0%| F|  |TAMS 0x00000000c1e00000, 0x00000000c1e00000| Untracked 
|  31|0x00000000c1f00000, 0x00000000c1f00000, 0x00000000c2000000|  0%| F|  |TAMS 0x00000000c1f00000, 0x00000000c1f00000| Untracked 
|  32|0x00000000c2000000, 0x00000000c2000000, 0x00000000c2100000|  0%| F|  |TAMS 0x00000000c2000000, 0x00000000c2000000| Untracked 
|  33|0x00000000c2100000, 0x00000000c2100000, 0x00000000c2200000|  0%| F|  |TAMS 0x00000000c2100000, 0x00000000c2100000| Untracked 
|  34|0x00000000c2200000, 0x00000000c2200000, 0x00000000c2300000|  0%| F|  |TAMS 0x00000000c2200000, 0x00000000c2200000| Untracked 
|  35|0x00000000c2300000, 0x00000000c2300000, 0x00000000c2400000|  0%| F|  |TAMS 0x00000000c2300000, 0x00000000c2300000| Untracked 
|  36|0x00000000c2400000, 0x00000000c2400000, 0x00000000c2500000|  0%| F|  |TAMS 0x00000000c2400000, 0x00000000c2400000| Untracked 
|  37|0x00000000c2500000, 0x00000000c2500000, 0x00000000c2600000|  0%| F|  |TAMS 0x00000000c2500000, 0x00000000c2500000| Untracked 
|  38|0x00000000c2600000, 0x00000000c2600000, 0x00000000c2700000|  0%| F|  |TAMS 0x00000000c2600000, 0x00000000c2600000| Untracked 
|  39|0x00000000c2700000, 0x00000000c2700000, 0x00000000c2800000|  0%| F|  |TAMS 0x00000000c2700000, 0x00000000c2700000| Untracked 
|  40|0x00000000c2800000, 0x00000000c2800000, 0x00000000c2900000|  0%| F|  |TAMS 0x00000000c2800000, 0x00000000c2800000| Untracked 
|  41|0x00000000c2900000, 0x00000000c2900000, 0x00000000c2a00000|  0%| F|  |TAMS 0x00000000c2900000, 0x00000000c2900000| Untracked 
|  42|0x00000000c2a00000, 0x00000000c2a00000, 0x00000000c2b00000|  0%| F|  |TAMS 0x00000000c2a00000, 0x00000000c2a00000| Untracked 
|  43|0x00000000c2b00000, 0x00000000c2b00000, 0x00000000c2c00000|  0%| F|  |TAMS 0x00000000c2b00000, 0x00000000c2b00000| Untracked 
|  44|0x00000000c2c00000, 0x00000000c2c00000, 0x00000000c2d00000|  0%| F|  |TAMS 0x00000000c2c00000, 0x00000000c2c00000| Untracked 
|  45|0x00000000c2d00000, 0x00000000c2d00000, 0x00000000c2e00000|  0%| F|  |TAMS 0x00000000c2d00000, 0x00000000c2d00000| Untracked 
|  46|0x00000000c2e00000, 0x00000000c2e00000, 0x00000000c2f00000|  0%| F|  |TAMS 0x00000000c2e00000, 0x00000000c2e00000| Untracked 
|  47|0x00000000c2f00000, 0x00000000c2f00000, 0x00000000c3000000|  0%| F|  |TAMS 0x00000000c2f00000, 0x00000000c2f00000| Untracked 
|  48|0x00000000c3000000, 0x00000000c3000000, 0x00000000c3100000|  0%| F|  |TAMS 0x00000000c3000000, 0x00000000c3000000| Untracked 
|  49|0x00000000c3100000, 0x00000000c3100000, 0x00000000c3200000|  0%| F|  |TAMS 0x00000000c3100000, 0x00000000c3100000| Untracked 
|  50|0x00000000c3200000, 0x00000000c3200000, 0x00000000c3300000|  0%| F|  |TAMS 0x00000000c3200000, 0x00000000c3200000| Untracked 
|  51|0x00000000c3300000, 0x00000000c3300000, 0x00000000c3400000|  0%| F|  |TAMS 0x00000000c3300000, 0x00000000c3300000| Untracked 
|  52|0x00000000c3400000, 0x00000000c3400000, 0x00000000c3500000|  0%| F|  |TAMS 0x00000000c3400000, 0x00000000c3400000| Untracked 
|  53|0x00000000c3500000, 0x00000000c3500000, 0x00000000c3600000|  0%| F|  |TAMS 0x00000000c3500000, 0x00000000c3500000| Untracked 
|  54|0x00000000c3600000, 0x00000000c3600000, 0x00000000c3700000|  0%| F|  |TAMS 0x00000000c3600000, 0x00000000c3600000| Untracked 
|  55|0x00000000c3700000, 0x00000000c3700000, 0x00000000c3800000|  0%| F|  |TAMS 0x00000000c3700000, 0x00000000c3700000| Untracked 
|  56|0x00000000c3800000, 0x00000000c3800000, 0x00000000c3900000|  0%| F|  |TAMS 0x00000000c3800000, 0x00000000c3800000| Untracked 
|  57|0x00000000c3900000, 0x00000000c3900000, 0x00000000c3a00000|  0%| F|  |TAMS 0x00000000c3900000, 0x00000000c3900000| Untracked 
|  58|0x00000000c3a00000, 0x00000000c3a00000, 0x00000000c3b00000|  0%| F|  |TAMS 0x00000000c3a00000, 0x00000000c3a00000| Untracked 
|  59|0x00000000c3b00000, 0x00000000c3b00000, 0x00000000c3c00000|  0%| F|  |TAMS 0x00000000c3b00000, 0x00000000c3b00000| Untracked 
|  60|0x00000000c3c00000, 0x00000000c3c00000, 0x00000000c3d00000|  0%| F|  |TAMS 0x00000000c3c00000, 0x00000000c3c00000| Untracked 
|  61|0x00000000c3d00000, 0x00000000c3d00000, 0x00000000c3e00000|  0%| F|  |TAMS 0x00000000c3d00000, 0x00000000c3d00000| Untracked 
|  62|0x00000000c3e00000, 0x00000000c3e00000, 0x00000000c3f00000|  0%| F|  |TAMS 0x00000000c3e00000, 0x00000000c3e00000| Untracked 
|  63|0x00000000c3f00000, 0x00000000c3f00000, 0x00000000c4000000|  0%| F|  |TAMS 0x00000000c3f00000, 0x00000000c3f00000| Untracked 
|  64|0x00000000c4000000, 0x00000000c4000000, 0x00000000c4100000|  0%| F|  |TAMS 0x00000000c4000000, 0x00000000c4000000| Untracked 
|  65|0x00000000c4100000, 0x00000000c4100000, 0x00000000c4200000|  0%| F|  |TAMS 0x00000000c4100000, 0x00000000c4100000| Untracked 
|  66|0x00000000c4200000, 0x00000000c4200000, 0x00000000c4300000|  0%| F|  |TAMS 0x00000000c4200000, 0x00000000c4200000| Untracked 
|  67|0x00000000c4300000, 0x00000000c4300000, 0x00000000c4400000|  0%| F|  |TAMS 0x00000000c4300000, 0x00000000c4300000| Untracked 
|  68|0x00000000c4400000, 0x00000000c4400000, 0x00000000c4500000|  0%| F|  |TAMS 0x00000000c4400000, 0x00000000c4400000| Untracked 
|  69|0x00000000c4500000, 0x00000000c4500000, 0x00000000c4600000|  0%| F|  |TAMS 0x00000000c4500000, 0x00000000c4500000| Untracked 
|  70|0x00000000c4600000, 0x00000000c4600000, 0x00000000c4700000|  0%| F|  |TAMS 0x00000000c4600000, 0x00000000c4600000| Untracked 
|  71|0x00000000c4700000, 0x00000000c4700000, 0x00000000c4800000|  0%| F|  |TAMS 0x00000000c4700000, 0x00000000c4700000| Untracked 
|  72|0x00000000c4800000, 0x00000000c4800000, 0x00000000c4900000|  0%| F|  |TAMS 0x00000000c4800000, 0x00000000c4800000| Untracked 
|  73|0x00000000c4900000, 0x00000000c4900000, 0x00000000c4a00000|  0%| F|  |TAMS 0x00000000c4900000, 0x00000000c4900000| Untracked 
|  74|0x00000000c4a00000, 0x00000000c4a00000, 0x00000000c4b00000|  0%| F|  |TAMS 0x00000000c4a00000, 0x00000000c4a00000| Untracked 
|  75|0x00000000c4b00000, 0x00000000c4b00000, 0x00000000c4c00000|  0%| F|  |TAMS 0x00000000c4b00000, 0x00000000c4b00000| Untracked 
|  76|0x00000000c4c00000, 0x00000000c4c00000, 0x00000000c4d00000|  0%| F|  |TAMS 0x00000000c4c00000, 0x00000000c4c00000| Untracked 
|  77|0x00000000c4d00000, 0x00000000c4d00000, 0x00000000c4e00000|  0%| F|  |TAMS 0x00000000c4d00000, 0x00000000c4d00000| Untracked 
|  78|0x00000000c4e00000, 0x00000000c4e00000, 0x00000000c4f00000|  0%| F|  |TAMS 0x00000000c4e00000, 0x00000000c4e00000| Untracked 
|  79|0x00000000c4f00000, 0x00000000c4f00000, 0x00000000c5000000|  0%| F|  |TAMS 0x00000000c4f00000, 0x00000000c4f00000| Untracked 
|  80|0x00000000c5000000, 0x00000000c5000000, 0x00000000c5100000|  0%| F|  |TAMS 0x00000000c5000000, 0x00000000c5000000| Untracked 
|  81|0x00000000c5100000, 0x00000000c5100000, 0x00000000c5200000|  0%| F|  |TAMS 0x00000000c5100000, 0x00000000c5100000| Untracked 
|  82|0x00000000c5200000, 0x00000000c5200000, 0x00000000c5300000|  0%| F|  |TAMS 0x00000000c5200000, 0x00000000c5200000| Untracked 
|  83|0x00000000c5300000, 0x00000000c5300000, 0x00000000c5400000|  0%| F|  |TAMS 0x00000000c5300000, 0x00000000c5300000| Untracked 
|  84|0x00000000c5400000, 0x00000000c5400000, 0x00000000c5500000|  0%| F|  |TAMS 0x00000000c5400000, 0x00000000c5400000| Untracked 
|  85|0x00000000c5500000, 0x00000000c5500000, 0x00000000c5600000|  0%| F|  |TAMS 0x00000000c5500000, 0x00000000c5500000| Untracked 
|  86|0x00000000c5600000, 0x00000000c5600000, 0x00000000c5700000|  0%| F|  |TAMS 0x00000000c5600000, 0x00000000c5600000| Untracked 
|  87|0x00000000c5700000, 0x00000000c5700000, 0x00000000c5800000|  0%| F|  |TAMS 0x00000000c5700000, 0x00000000c5700000| Untracked 
|  88|0x00000000c5800000, 0x00000000c5800000, 0x00000000c5900000|  0%| F|  |TAMS 0x00000000c5800000, 0x00000000c5800000| Untracked 
|  89|0x00000000c5900000, 0x00000000c5900000, 0x00000000c5a00000|  0%| F|  |TAMS 0x00000000c5900000, 0x00000000c5900000| Untracked 
|  90|0x00000000c5a00000, 0x00000000c5a00000, 0x00000000c5b00000|  0%| F|  |TAMS 0x00000000c5a00000, 0x00000000c5a00000| Untracked 
|  91|0x00000000c5b00000, 0x00000000c5b00000, 0x00000000c5c00000|  0%| F|  |TAMS 0x00000000c5b00000, 0x00000000c5b00000| Untracked 
|  92|0x00000000c5c00000, 0x00000000c5c00000, 0x00000000c5d00000|  0%| F|  |TAMS 0x00000000c5c00000, 0x00000000c5c00000| Untracked 
|  93|0x00000000c5d00000, 0x00000000c5d00000, 0x00000000c5e00000|  0%| F|  |TAMS 0x00000000c5d00000, 0x00000000c5d00000| Untracked 
|  94|0x00000000c5e00000, 0x00000000c5e00000, 0x00000000c5f00000|  0%| F|  |TAMS 0x00000000c5e00000, 0x00000000c5e00000| Untracked 
|  95|0x00000000c5f00000, 0x00000000c5f00000, 0x00000000c6000000|  0%| F|  |TAMS 0x00000000c5f00000, 0x00000000c5f00000| Untracked 
|  96|0x00000000c6000000, 0x00000000c6000000, 0x00000000c6100000|  0%| F|  |TAMS 0x00000000c6000000, 0x00000000c6000000| Untracked 
|  97|0x00000000c6100000, 0x00000000c6100000, 0x00000000c6200000|  0%| F|  |TAMS 0x00000000c6100000, 0x00000000c6100000| Untracked 
|  98|0x00000000c6200000, 0x00000000c6200000, 0x00000000c6300000|  0%| F|  |TAMS 0x00000000c6200000, 0x00000000c6200000| Untracked 
|  99|0x00000000c6300000, 0x00000000c6300000, 0x00000000c6400000|  0%| F|  |TAMS 0x00000000c6300000, 0x00000000c6300000| Untracked 
| 100|0x00000000c6400000, 0x00000000c6400000, 0x00000000c6500000|  0%| F|  |TAMS 0x00000000c6400000, 0x00000000c6400000| Untracked 
| 101|0x00000000c6500000, 0x00000000c6500000, 0x00000000c6600000|  0%| F|  |TAMS 0x00000000c6500000, 0x00000000c6500000| Untracked 
| 102|0x00000000c6600000, 0x00000000c6600000, 0x00000000c6700000|  0%| F|  |TAMS 0x00000000c6600000, 0x00000000c6600000| Untracked 
| 103|0x00000000c6700000, 0x00000000c6700000, 0x00000000c6800000|  0%| F|  |TAMS 0x00000000c6700000, 0x00000000c6700000| Untracked 
| 104|0x00000000c6800000, 0x00000000c6800000, 0x00000000c6900000|  0%| F|  |TAMS 0x00000000c6800000, 0x00000000c6800000| Untracked 
| 105|0x00000000c6900000, 0x00000000c6900000, 0x00000000c6a00000|  0%| F|  |TAMS 0x00000000c6900000, 0x00000000c6900000| Untracked 
| 106|0x00000000c6a00000, 0x00000000c6a00000, 0x00000000c6b00000|  0%| F|  |TAMS 0x00000000c6a00000, 0x00000000c6a00000| Untracked 
| 107|0x00000000c6b00000, 0x00000000c6b00000, 0x00000000c6c00000|  0%| F|  |TAMS 0x00000000c6b00000, 0x00000000c6b00000| Untracked 
| 108|0x00000000c6c00000, 0x00000000c6c00000, 0x00000000c6d00000|  0%| F|  |TAMS 0x00000000c6c00000, 0x00000000c6c00000| Untracked 
| 109|0x00000000c6d00000, 0x00000000c6d00000, 0x00000000c6e00000|  0%| F|  |TAMS 0x00000000c6d00000, 0x00000000c6d00000| Untracked 
| 110|0x00000000c6e00000, 0x00000000c6e00000, 0x00000000c6f00000|  0%| F|  |TAMS 0x00000000c6e00000, 0x00000000c6e00000| Untracked 
| 111|0x00000000c6f00000, 0x00000000c6f00000, 0x00000000c7000000|  0%| F|  |TAMS 0x00000000c6f00000, 0x00000000c6f00000| Untracked 
| 112|0x00000000c7000000, 0x00000000c7000000, 0x00000000c7100000|  0%| F|  |TAMS 0x00000000c7000000, 0x00000000c7000000| Untracked 
| 113|0x00000000c7100000, 0x00000000c7100000, 0x00000000c7200000|  0%| F|  |TAMS 0x00000000c7100000, 0x00000000c7100000| Untracked 
| 114|0x00000000c7200000, 0x00000000c7200000, 0x00000000c7300000|  0%| F|  |TAMS 0x00000000c7200000, 0x00000000c7200000| Untracked 
| 115|0x00000000c7300000, 0x00000000c7300000, 0x00000000c7400000|  0%| F|  |TAMS 0x00000000c7300000, 0x00000000c7300000| Untracked 
| 116|0x00000000c7400000, 0x00000000c7400000, 0x00000000c7500000|  0%| F|  |TAMS 0x00000000c7400000, 0x00000000c7400000| Untracked 
| 117|0x00000000c7500000, 0x00000000c7500000, 0x00000000c7600000|  0%| F|  |TAMS 0x00000000c7500000, 0x00000000c7500000| Untracked 
| 118|0x00000000c7600000, 0x00000000c7600000, 0x00000000c7700000|  0%| F|  |TAMS 0x00000000c7600000, 0x00000000c7600000| Untracked 
| 119|0x00000000c7700000, 0x00000000c7700000, 0x00000000c7800000|  0%| F|  |TAMS 0x00000000c7700000, 0x00000000c7700000| Untracked 
| 120|0x00000000c7800000, 0x00000000c7800000, 0x00000000c7900000|  0%| F|  |TAMS 0x00000000c7800000, 0x00000000c7800000| Untracked 
| 121|0x00000000c7900000, 0x00000000c7900000, 0x00000000c7a00000|  0%| F|  |TAMS 0x00000000c7900000, 0x00000000c7900000| Untracked 
| 122|0x00000000c7a00000, 0x00000000c7a00000, 0x00000000c7b00000|  0%| F|  |TAMS 0x00000000c7a00000, 0x00000000c7a00000| Untracked 
| 123|0x00000000c7b00000, 0x00000000c7b00000, 0x00000000c7c00000|  0%| F|  |TAMS 0x00000000c7b00000, 0x00000000c7b00000| Untracked 
| 124|0x00000000c7c00000, 0x00000000c7c00000, 0x00000000c7d00000|  0%| F|  |TAMS 0x00000000c7c00000, 0x00000000c7c00000| Untracked 
| 125|0x00000000c7d00000, 0x00000000c7e00000, 0x00000000c7e00000|100%| E|  |TAMS 0x00000000c7d00000, 0x00000000c7d00000| Complete 
| 126|0x00000000c7e00000, 0x00000000c7f00000, 0x00000000c7f00000|100%| E|CS|TAMS 0x00000000c7e00000, 0x00000000c7e00000| Complete 
| 127|0x00000000c7f00000, 0x00000000c8000000, 0x00000000c8000000|100%| E|CS|TAMS 0x00000000c7f00000, 0x00000000c7f00000| Complete 
| 128|0x00000000c8000000, 0x00000000c8100000, 0x00000000c8100000|100%| E|CS|TAMS 0x00000000c8000000, 0x00000000c8000000| Complete 
| 129|0x00000000c8100000, 0x00000000c8200000, 0x00000000c8200000|100%| E|CS|TAMS 0x00000000c8100000, 0x00000000c8100000| Complete 
| 130|0x00000000c8200000, 0x00000000c8300000, 0x00000000c8300000|100%| E|CS|TAMS 0x00000000c8200000, 0x00000000c8200000| Complete 
| 131|0x00000000c8300000, 0x00000000c8400000, 0x00000000c8400000|100%| E|CS|TAMS 0x00000000c8300000, 0x00000000c8300000| Complete 
| 132|0x00000000c8400000, 0x00000000c8500000, 0x00000000c8500000|100%| E|CS|TAMS 0x00000000c8400000, 0x00000000c8400000| Complete 
| 133|0x00000000c8500000, 0x00000000c8600000, 0x00000000c8600000|100%| S|CS|TAMS 0x00000000c8500000, 0x00000000c8500000| Complete 
| 134|0x00000000c8600000, 0x00000000c8700000, 0x00000000c8700000|100%| E|CS|TAMS 0x00000000c8600000, 0x00000000c8600000| Complete 
| 135|0x00000000c8700000, 0x00000000c8800000, 0x00000000c8800000|100%| E|CS|TAMS 0x00000000c8700000, 0x00000000c8700000| Complete 
| 136|0x00000000c8800000, 0x00000000c8900000, 0x00000000c8900000|100%| E|CS|TAMS 0x00000000c8800000, 0x00000000c8800000| Complete 
| 137|0x00000000c8900000, 0x00000000c8a00000, 0x00000000c8a00000|100%| E|CS|TAMS 0x00000000c8900000, 0x00000000c8900000| Complete 
| 138|0x00000000c8a00000, 0x00000000c8b00000, 0x00000000c8b00000|100%| E|CS|TAMS 0x00000000c8a00000, 0x00000000c8a00000| Complete 
| 139|0x00000000c8b00000, 0x00000000c8c00000, 0x00000000c8c00000|100%| E|CS|TAMS 0x00000000c8b00000, 0x00000000c8b00000| Complete 
| 140|0x00000000c8c00000, 0x00000000c8d00000, 0x00000000c8d00000|100%| E|CS|TAMS 0x00000000c8c00000, 0x00000000c8c00000| Complete 
| 141|0x00000000c8d00000, 0x00000000c8e00000, 0x00000000c8e00000|100%| E|CS|TAMS 0x00000000c8d00000, 0x00000000c8d00000| Complete 
| 142|0x00000000c8e00000, 0x00000000c8f00000, 0x00000000c8f00000|100%| E|CS|TAMS 0x00000000c8e00000, 0x00000000c8e00000| Complete 
| 143|0x00000000c8f00000, 0x00000000c9000000, 0x00000000c9000000|100%| E|CS|TAMS 0x00000000c8f00000, 0x00000000c8f00000| Complete 
| 144|0x00000000c9000000, 0x00000000c9100000, 0x00000000c9100000|100%| E|CS|TAMS 0x00000000c9000000, 0x00000000c9000000| Complete 
| 145|0x00000000c9100000, 0x00000000c9200000, 0x00000000c9200000|100%| E|CS|TAMS 0x00000000c9100000, 0x00000000c9100000| Complete 
| 146|0x00000000c9200000, 0x00000000c9300000, 0x00000000c9300000|100%| E|CS|TAMS 0x00000000c9200000, 0x00000000c9200000| Complete 
| 147|0x00000000c9300000, 0x00000000c9400000, 0x00000000c9400000|100%| E|CS|TAMS 0x00000000c9300000, 0x00000000c9300000| Complete 
| 148|0x00000000c9400000, 0x00000000c9500000, 0x00000000c9500000|100%| E|CS|TAMS 0x00000000c9400000, 0x00000000c9400000| Complete 
| 149|0x00000000c9500000, 0x00000000c9600000, 0x00000000c9600000|100%| E|CS|TAMS 0x00000000c9500000, 0x00000000c9500000| Complete 
| 150|0x00000000c9600000, 0x00000000c9700000, 0x00000000c9700000|100%| E|CS|TAMS 0x00000000c9600000, 0x00000000c9600000| Complete 
| 151|0x00000000c9700000, 0x00000000c9800000, 0x00000000c9800000|100%| E|CS|TAMS 0x00000000c9700000, 0x00000000c9700000| Complete 
| 152|0x00000000c9800000, 0x00000000c9900000, 0x00000000c9900000|100%| E|CS|TAMS 0x00000000c9800000, 0x00000000c9800000| Complete 
| 153|0x00000000c9900000, 0x00000000c9a00000, 0x00000000c9a00000|100%| E|CS|TAMS 0x00000000c9900000, 0x00000000c9900000| Complete 
| 154|0x00000000c9a00000, 0x00000000c9b00000, 0x00000000c9b00000|100%| E|CS|TAMS 0x00000000c9a00000, 0x00000000c9a00000| Complete 
| 155|0x00000000c9b00000, 0x00000000c9c00000, 0x00000000c9c00000|100%| E|CS|TAMS 0x00000000c9b00000, 0x00000000c9b00000| Complete 
| 156|0x00000000c9c00000, 0x00000000c9d00000, 0x00000000c9d00000|100%| E|CS|TAMS 0x00000000c9c00000, 0x00000000c9c00000| Complete 
| 157|0x00000000c9d00000, 0x00000000c9e00000, 0x00000000c9e00000|100%| E|CS|TAMS 0x00000000c9d00000, 0x00000000c9d00000| Complete 
| 158|0x00000000c9e00000, 0x00000000c9f00000, 0x00000000c9f00000|100%| E|CS|TAMS 0x00000000c9e00000, 0x00000000c9e00000| Complete 
| 159|0x00000000c9f00000, 0x00000000ca000000, 0x00000000ca000000|100%| E|CS|TAMS 0x00000000c9f00000, 0x00000000c9f00000| Complete 

Card table byte_map: [0x000001c87e8a0000,0x000001c87eaa0000] _byte_map_base: 0x000001c87e2a0000

Marking Bits (Prev, Next): (CMBitMap*) 0x000001c87c3de050, (CMBitMap*) 0x000001c87c3de018
 Prev Bits: [0x000001c812a30000, 0x000001c813a30000)
 Next Bits: [0x000001c87eca0000, 0x000001c87fca0000)

Polling page: 0x000001c87c240000

Metaspace:

Usage:
  Non-class:     21.16 MB capacity,    20.80 MB ( 98%) used,   324.93 KB (  1%) free+waste,    44.50 KB ( <1%) overhead. 
      Class:      3.22 MB capacity,     3.02 MB ( 94%) used,   185.49 KB (  6%) free+waste,    22.06 KB ( <1%) overhead. 
       Both:     24.38 MB capacity,    23.82 MB ( 98%) used,   510.42 KB (  2%) free+waste,    66.56 KB ( <1%) overhead. 

Virtual space:
  Non-class space:       22.00 MB reserved,      21.25 MB ( 97%) committed 
      Class space:        1.00 GB reserved,       3.25 MB ( <1%) committed 
             Both:        1.02 GB reserved,      24.50 MB (  2%) committed 

Chunk freelists:
   Non-Class:  29.00 KB
       Class:  0 bytes
        Both:  29.00 KB

MaxMetaspaceSize: 17179869184.00 GB
CompressedClassSpaceSize: 1.00 GB
Initial GC threshold: 20.80 MB
Current GC threshold: 35.00 MB
CDS: off

CodeHeap 'non-profiled nmethods': size=120000Kb used=1101Kb max_used=1101Kb free=118898Kb
 bounds [0x000001c80b500000, 0x000001c80b770000, 0x000001c812a30000]
CodeHeap 'profiled nmethods': size=120000Kb used=4346Kb max_used=4346Kb free=115653Kb
 bounds [0x000001c803fd0000, 0x000001c804410000, 0x000001c80b500000]
CodeHeap 'non-nmethods': size=5760Kb used=1227Kb max_used=1270Kb free=4532Kb
 bounds [0x000001c803a30000, 0x000001c803ca0000, 0x000001c803fd0000]
 total_blobs=2549 nmethods=2053 adapters=408
 compilation: enabled
              stopped_count=0, restarted_count=0
 full_count=0

Compilation events (20 events):
Event: 4.122 Thread 0x000001c8162a3000 2021       3       java.lang.invoke.DirectMethodHandle::preparedLambdaForm (248 bytes)
Event: 4.123 Thread 0x000001c8162a3000 nmethod 2021 0x000001c8043f5610 code [0x000001c8043f58e0, 0x000001c8043f6378]
Event: 4.123 Thread 0x000001c8162a3000 2027       3       java.io.ByteArrayOutputStream::grow (43 bytes)
Event: 4.124 Thread 0x000001c8162a3000 nmethod 2027 0x000001c8043f6810 code [0x000001c8043f6a20, 0x000001c8043f7038]
Event: 4.124 Thread 0x000001c8162a3000 2029       3       java.lang.reflect.Executable::getAnnotation (23 bytes)
Event: 4.124 Thread 0x000001c8162a3000 nmethod 2029 0x000001c8043f7210 code [0x000001c8043f7440, 0x000001c8043f7aa8]
Event: 4.124 Thread 0x000001c8162a3000 2030       3       java.lang.reflect.Method::getAnnotation (6 bytes)
Event: 4.125 Thread 0x000001c8162a3000 nmethod 2030 0x000001c8043f7d10 code [0x000001c8043f7f40, 0x000001c8043f8608]
Event: 4.125 Thread 0x000001c8162a3000 2028       1       java.lang.reflect.Method::getAnnotationBytes (5 bytes)
Event: 4.125 Thread 0x000001c8162a3000 nmethod 2028 0x000001c80b60f510 code [0x000001c80b60f6c0, 0x000001c80b60f778]
Event: 4.125 Thread 0x000001c8162a3000 2031       1       org.gradle.internal.instantiation.generator.AbstractClassGenerator$PropertyMetadata::getName (5 bytes)
Event: 4.125 Thread 0x000001c8162a3000 nmethod 2031 0x000001c80b60f810 code [0x000001c80b60f9c0, 0x000001c80b60fa78]
Event: 4.125 Thread 0x000001c8162a3000 2026       3       java.util.LinkedHashMap$LinkedValueIterator::next (8 bytes)
Event: 4.125 Thread 0x000001c8162a3000 nmethod 2026 0x000001c8043f8890 code [0x000001c8043f8a40, 0x000001c8043f8b68]
Event: 4.125 Thread 0x000001c8162a3000 2032       3       java.lang.reflect.Modifier::isFinal (13 bytes)
Event: 4.125 Thread 0x000001c8162a3000 nmethod 2032 0x000001c8043f8c10 code [0x000001c8043f8dc0, 0x000001c8043f8ef8]
Event: 4.126 Thread 0x000001c8162a3000 2033       3       org.gradle.internal.reflect.MethodSet$MethodKey::hashCode (29 bytes)
Event: 4.126 Thread 0x000001c8162a3000 nmethod 2033 0x000001c8043f8f90 code [0x000001c8043f91a0, 0x000001c8043f9968]
Event: 4.136 Thread 0x000001c8162a3000 2035       3       java.util.concurrent.ConcurrentHashMap::get (162 bytes)
Event: 4.137 Thread 0x000001c8162a3000 nmethod 2035 0x000001c8043f9c10 code [0x000001c8043f9e80, 0x000001c8043fab38]

GC Heap History (8 events):
Event: 0.997 GC heap before
{Heap before GC invocations=0 (full 0):
 garbage-first heap   total 163840K, used 30720K [0x00000000c0000000, 0x0000000100000000)
  region size 1024K, 24 young (24576K), 0 survivors (0K)
 Metaspace       used 10218K, capacity 10493K, committed 10624K, reserved 1058816K
  class space    used 1072K, capacity 1139K, committed 1152K, reserved 1048576K
}
Event: 1.003 GC heap after
{Heap after GC invocations=1 (full 0):
 garbage-first heap   total 163840K, used 9201K [0x00000000c0000000, 0x0000000100000000)
  region size 1024K, 3 young (3072K), 3 survivors (3072K)
 Metaspace       used 10218K, capacity 10493K, committed 10624K, reserved 1058816K
  class space    used 1072K, capacity 1139K, committed 1152K, reserved 1048576K
}
Event: 1.438 GC heap before
{Heap before GC invocations=1 (full 0):
 garbage-first heap   total 163840K, used 31729K [0x00000000c0000000, 0x0000000100000000)
  region size 1024K, 25 young (25600K), 3 survivors (3072K)
 Metaspace       used 11204K, capacity 11448K, committed 11520K, reserved 1058816K
  class space    used 1173K, capacity 1244K, committed 1280K, reserved 1048576K
}
Event: 1.443 GC heap after
{Heap after GC invocations=2 (full 0):
 garbage-first heap   total 163840K, used 9888K [0x00000000c0000000, 0x0000000100000000)
  region size 1024K, 1 young (1024K), 1 survivors (1024K)
 Metaspace       used 11204K, capacity 11448K, committed 11520K, reserved 1058816K
  class space    used 1173K, capacity 1244K, committed 1280K, reserved 1048576K
}
Event: 3.353 GC heap before
{Heap before GC invocations=2 (full 0):
 garbage-first heap   total 163840K, used 63136K [0x00000000c0000000, 0x0000000100000000)
  region size 1024K, 53 young (54272K), 1 survivors (1024K)
 Metaspace       used 18004K, capacity 18506K, committed 18688K, reserved 1064960K
  class space    used 2131K, capacity 2292K, committed 2304K, reserved 1048576K
}
Event: 3.360 GC heap after
{Heap after GC invocations=3 (full 0):
 garbage-first heap   total 163840K, used 16202K [0x00000000c0000000, 0x0000000100000000)
  region size 1024K, 7 young (7168K), 7 survivors (7168K)
 Metaspace       used 18004K, capacity 18506K, committed 18688K, reserved 1064960K
  class space    used 2131K, capacity 2292K, committed 2304K, reserved 1048576K
}
Event: 3.677 GC heap before
{Heap before GC invocations=3 (full 0):
 garbage-first heap   total 163840K, used 41802K [0x00000000c0000000, 0x0000000100000000)
  region size 1024K, 33 young (33792K), 7 survivors (7168K)
 Metaspace       used 20635K, capacity 21155K, committed 21248K, reserved 1067008K
  class space    used 2539K, capacity 2728K, committed 2816K, reserved 1048576K
}
Event: 3.685 GC heap after
{Heap after GC invocations=4 (full 0):
 garbage-first heap   total 163840K, used 17074K [0x00000000c0000000, 0x0000000100000000)
  region size 1024K, 1 young (1024K), 1 survivors (1024K)
 Metaspace       used 20635K, capacity 21155K, committed 21248K, reserved 1067008K
  class space    used 2539K, capacity 2728K, committed 2816K, reserved 1048576K
}

Deoptimization events (20 events):
Event: 3.718 Thread 0x000001c816d8a800 Uncommon trap: trap_request=0xffffffc6 fr.pc=0x000001c80b577624 relative=0x0000000000000084
Event: 3.718 Thread 0x000001c816d8a800 Uncommon trap: reason=bimorphic_or_optimized_type_check action=maybe_recompile pc=0x000001c80b577624 method=java.util.AbstractList$Itr.hasNext()Z @ 8 c2
Event: 3.718 Thread 0x000001c816d8a800 DEOPT PACKING pc=0x000001c80b577624 sp=0x0000009b7e8fad10
Event: 3.718 Thread 0x000001c816d8a800 DEOPT UNPACKING pc=0x000001c803a7a1af sp=0x0000009b7e8faca8 mode 2
Event: 3.718 Thread 0x000001c816d8a800 Uncommon trap: trap_request=0xffffffc6 fr.pc=0x000001c80b5779d4 relative=0x0000000000000114
Event: 3.718 Thread 0x000001c816d8a800 Uncommon trap: reason=bimorphic_or_optimized_type_check action=maybe_recompile pc=0x000001c80b5779d4 method=java.util.AbstractList$Itr.next()Ljava/lang/Object; @ 14 c2
Event: 3.718 Thread 0x000001c816d8a800 DEOPT PACKING pc=0x000001c80b5779d4 sp=0x0000009b7e8fad00
Event: 3.718 Thread 0x000001c816d8a800 DEOPT UNPACKING pc=0x000001c803a7a1af sp=0x0000009b7e8fac98 mode 2
Event: 3.718 Thread 0x000001c816d8a800 Uncommon trap: trap_request=0xffffff4d fr.pc=0x000001c80b571a88 relative=0x00000000000004c8
Event: 3.718 Thread 0x000001c816d8a800 Uncommon trap: reason=unstable_if action=reinterpret pc=0x000001c80b571a88 method=java.lang.String.substring(I)Ljava/lang/String; @ 34 c2
Event: 3.718 Thread 0x000001c816d8a800 DEOPT PACKING pc=0x000001c80b571a88 sp=0x0000009b7e8fb630
Event: 3.718 Thread 0x000001c816d8a800 DEOPT UNPACKING pc=0x000001c803a7a1af sp=0x0000009b7e8fb5f8 mode 2
Event: 3.832 Thread 0x000001c816d8a800 Uncommon trap: trap_request=0xffffff4d fr.pc=0x000001c80b5e3998 relative=0x0000000000000398
Event: 3.832 Thread 0x000001c816d8a800 Uncommon trap: reason=unstable_if action=reinterpret pc=0x000001c80b5e3998 method=jdk.internal.org.objectweb.asm.Type.getArgumentsAndReturnSizes(Ljava/lang/String;)I @ 88 c2
Event: 3.832 Thread 0x000001c816d8a800 DEOPT PACKING pc=0x000001c80b5e3998 sp=0x0000009b7e8f9c40
Event: 3.832 Thread 0x000001c816d8a800 DEOPT UNPACKING pc=0x000001c803a7a1af sp=0x0000009b7e8f9bc8 mode 2
Event: 4.120 Thread 0x000001c816d8a800 Uncommon trap: trap_request=0xffffff4d fr.pc=0x000001c80b5b747c relative=0x000000000000023c
Event: 4.120 Thread 0x000001c816d8a800 Uncommon trap: reason=unstable_if action=reinterpret pc=0x000001c80b5b747c method=java.util.concurrent.ConcurrentHashMap.get(Ljava/lang/Object;)Ljava/lang/Object; @ 76 c2
Event: 4.120 Thread 0x000001c816d8a800 DEOPT PACKING pc=0x000001c80b5b747c sp=0x0000009b7e8f9c80
Event: 4.120 Thread 0x000001c816d8a800 DEOPT UNPACKING pc=0x000001c803a7a1af sp=0x0000009b7e8f9be8 mode 2

Classes redefined (0 events):
No events

Internal exceptions (20 events):
Event: 1.549 Thread 0x000001c87c3aa800 Exception <a 'java/security/PrivilegedActionException'{0x00000000c9232c88}> (0x00000000c9232c88) thrown at [./src/hotspot/share/prims/jvm.cpp, line 1306]
Event: 1.954 Thread 0x000001c87c3aa800 Exception <a 'java/lang/NoSuchMethodError'{0x00000000c8042948}: 'java.lang.Object java.lang.invoke.DirectMethodHandle$Holder.invokeStaticInit(java.lang.Object, java.lang.Object, java.lang.Object)'> (0x00000000c8042948) thrown at [./src/hotspot/share/interpreter/linkResolver.cpp, line 773]
Event: 2.181 Thread 0x000001c87c3aa800 Exception <a 'java/lang/NoSuchMethodError'{0x00000000c7aa8be8}: 'java.lang.Object java.lang.invoke.DirectMethodHandle$Holder.invokeStaticInit(java.lang.Object, int, int, int, int)'> (0x00000000c7aa8be8) thrown at [./src/hotspot/share/interpreter/linkResolver.cpp, line 773]
Event: 2.513 Thread 0x000001c87c3aa800 Exception <a 'java/lang/NoSuchMethodError'{0x00000000c7ad2f60}: 'java.lang.Object java.lang.invoke.DirectMethodHandle$Holder.invokeStaticInit(java.lang.Object, java.lang.Object, int, int, int, int)'> (0x00000000c7ad2f60) thrown at [./src/hotspot/share/interpreter/linkResolver.cpp, line 773]
Event: 3.089 Thread 0x000001c87c3aa800 Exception <a 'java/io/IOException'{0x00000000c7739bc8}> (0x00000000c7739bc8) thrown at [./src/hotspot/share/prims/jni.cpp, line 615]
Event: 3.168 Thread 0x000001c816d85800 Exception <a 'java/lang/NoSuchMethodError'{0x00000000c746d408}: <clinit>> (0x00000000c746d408) thrown at [./src/hotspot/share/prims/jni.cpp, line 1365]
Event: 3.171 Thread 0x000001c816d85800 Exception <a 'java/lang/NoSuchMethodError'{0x00000000c7485430}: <clinit>> (0x00000000c7485430) thrown at [./src/hotspot/share/prims/jni.cpp, line 1365]
Event: 3.172 Thread 0x000001c816d85800 Exception <a 'java/lang/NoSuchMethodError'{0x00000000c748edf8}: <clinit>> (0x00000000c748edf8) thrown at [./src/hotspot/share/prims/jni.cpp, line 1365]
Event: 3.174 Thread 0x000001c816d85800 Exception <a 'java/lang/NoSuchMethodError'{0x00000000c74a4178}: <clinit>> (0x00000000c74a4178) thrown at [./src/hotspot/share/prims/jni.cpp, line 1365]
Event: 3.269 Thread 0x000001c816d8a800 Exception <a 'java/lang/NoSuchMethodError'{0x00000000c70d6d08}: 'long java.lang.invoke.DirectMethodHandle$Holder.invokeInterface(java.lang.Object, java.lang.Object)'> (0x00000000c70d6d08) thrown at [./src/hotspot/share/interpreter/linkResolver.cpp, line 773]
Event: 3.271 Thread 0x000001c816d8a800 Exception <a 'java/lang/NoSuchMethodError'{0x00000000c70e3da8}: 'void java.lang.invoke.DelegatingMethodHandle$Holder.reinvoke_L(java.lang.Object, java.lang.Object, java.lang.Object, java.lang.Object, java.lang.Object, java.lang.Object, java.lang.Object)'> (0x00000000c70e3da8) thrown at [./src/hotspot/share/interpreter/linkResolver.cpp, line 773]
Event: 3.619 Thread 0x000001c816d8a800 Exception <a 'java/lang/NoSuchMethodError'{0x00000000c8991880}: 'void java.lang.invoke.DirectMethodHandle$Holder.invokeStaticInit(java.lang.Object)'> (0x00000000c8991880) thrown at [./src/hotspot/share/interpreter/linkResolver.cpp, line 773]
Event: 3.634 Thread 0x000001c816d8a800 Exception <a 'java/lang/NoSuchMethodError'{0x00000000c883ec90}: 'java.lang.Object java.lang.invoke.DirectMethodHandle$Holder.invokeStatic(java.lang.Object, java.lang.Object, java.lang.Object, int)'> (0x00000000c883ec90) thrown at [./src/hotspot/share/interpreter/linkResolver.cpp, line 773]
Event: 3.634 Thread 0x000001c816d8a800 Exception <a 'java/lang/NoSuchMethodError'{0x00000000c88433a8}: 'java.lang.Object java.lang.invoke.DirectMethodHandle$Holder.invokeSpecial(java.lang.Object, java.lang.Object, java.lang.Object, java.lang.Object, int)'> (0x00000000c88433a8) thrown at [./src/hotspot/share/interpreter/linkResolver.cpp, line 773]
Event: 3.634 Thread 0x000001c816d8a800 Exception <a 'java/lang/NoSuchMethodError'{0x00000000c88472e0}: 'java.lang.Object java.lang.invoke.Invokers$Holder.linkToTargetMethod(java.lang.Object, java.lang.Object, int, java.lang.Object)'> (0x00000000c88472e0) thrown at [./src/hotspot/share/interpreter/linkResolver.cpp, line 773]
Event: 3.766 Thread 0x000001c816d8a800 Exception <a 'java/lang/NoSuchMethodError'{0x00000000c9b95f88}: 'int java.lang.invoke.DirectMethodHandle$Holder.invokeSpecialIFC(java.lang.Object, java.lang.Object, java.lang.Object, java.lang.Object)'> (0x00000000c9b95f88) thrown at [./src/hotspot/share/interpreter/linkResolver.cpp, line 773]
Event: 3.768 Thread 0x000001c816d8a800 Exception <a 'java/lang/NoSuchMethodError'{0x00000000c9ba3f40}: 'java.lang.Object java.lang.invoke.DirectMethodHandle$Holder.invokeInterface(java.lang.Object, java.lang.Object, java.lang.Object)'> (0x00000000c9ba3f40) thrown at [./src/hotspot/share/interpreter/linkResolver.cpp, line 773]
Event: 3.768 Thread 0x000001c816d8a800 Exception <a 'java/lang/IncompatibleClassChangeError'{0x00000000c9ba7418}: Found class java.lang.Object, but interface was expected> (0x00000000c9ba7418) thrown at [./src/hotspot/share/interpreter/linkResolver.cpp, line 839]
Event: 3.919 Thread 0x000001c816d8a800 Exception <a 'java/lang/NoSuchMethodError'{0x00000000c8f1f910}: 'java.lang.Object java.lang.invoke.DirectMethodHandle$Holder.invokeSpecial(java.lang.Object, java.lang.Object, java.lang.Object, java.lang.Object, java.lang.Object, java.lang.Object, java.lang.Object, java.lang.Object, java.lang.Object)'> (0x00000000c8f1f910) thrown at [./src/hotspot/share/interpreter/linkResolver.cpp, line 773]
Event: 4.032 Thread 0x000001c816d8a800 Exception <a 'java/lang/NoSuchMethodError'{0x00000000c86b7c98}: 'java.lang.Object java.lang.invoke.DirectMethodHandle$Holder.invokeVirtual(java.lang.Object, java.lang.Object, java.lang.Object, java.lang.Object)'> (0x00000000c86b7c98) thrown at [./src/hotspot/share/interpreter/linkResolver.cpp, line 773]

Events (20 events):
Event: 4.145 loading class org/objectweb/asm/ClassTooLargeException
Event: 4.145 loading class org/objectweb/asm/ClassTooLargeException done
Event: 4.146 loading class org/objectweb/asm/SymbolTable
Event: 4.146 loading class org/objectweb/asm/SymbolTable done
Event: 4.148 loading class org/objectweb/asm/Symbol
Event: 4.148 loading class org/objectweb/asm/Symbol done
Event: 4.148 loading class org/objectweb/asm/SymbolTable$Entry
Event: 4.148 loading class org/objectweb/asm/SymbolTable$Entry done
Event: 4.150 loading class org/objectweb/asm/ByteVector
Event: 4.150 loading class org/objectweb/asm/ByteVector done
Event: 4.154 loading class org/objectweb/asm/MethodTooLargeException
Event: 4.154 loading class org/objectweb/asm/MethodTooLargeException done
Event: 4.156 loading class org/objectweb/asm/Frame
Event: 4.156 loading class org/objectweb/asm/Frame done
Event: 4.157 loading class org/objectweb/asm/CurrentFrame
Event: 4.157 loading class org/objectweb/asm/CurrentFrame done
Event: 4.158 loading class org/objectweb/asm/Label
Event: 4.158 loading class org/objectweb/asm/Label done
Event: 4.162 loading class org/objectweb/asm/Edge
Event: 4.162 loading class org/objectweb/asm/Edge done


Dynamic libraries:
0x00007ff63a090000 - 0x00007ff63a09a000 	D:\Android\jre\bin\java.exe
0x00007fff6e750000 - 0x00007fff6e945000 	C:\Windows\SYSTEM32\ntdll.dll
0x00007fff6d0c0000 - 0x00007fff6d17e000 	C:\Windows\System32\KERNEL32.DLL
0x00007fff6bf90000 - 0x00007fff6c258000 	C:\Windows\System32\KERNELBASE.dll
0x00007fff6c400000 - 0x00007fff6c500000 	C:\Windows\System32\ucrtbase.dll
0x00007fff56a90000 - 0x00007fff56aa9000 	D:\Android\jre\bin\jli.dll
0x00007fff564f0000 - 0x00007fff56507000 	D:\Android\jre\bin\VCRUNTIME140.dll
0x00007fff6dd00000 - 0x00007fff6dea1000 	C:\Windows\System32\USER32.dll
0x00007fff6c760000 - 0x00007fff6c782000 	C:\Windows\System32\win32u.dll
0x00007fff58510000 - 0x00007fff587aa000 	C:\Windows\WinSxS\amd64_microsoft.windows.common-controls_6595b64144ccf1df_6.0.19041.1110_none_60b5254171f9507e\COMCTL32.dll
0x00007fff6ccd0000 - 0x00007fff6ccfb000 	C:\Windows\System32\GDI32.dll
0x00007fff6d1b0000 - 0x00007fff6d24e000 	C:\Windows\System32\msvcrt.dll
0x00007fff6c2f0000 - 0x00007fff6c3fd000 	C:\Windows\System32\gdi32full.dll
0x00007fff6bef0000 - 0x00007fff6bf8d000 	C:\Windows\System32\msvcp_win.dll
0x00007fff6d180000 - 0x00007fff6d1b0000 	C:\Windows\System32\IMM32.DLL
0x00007fff45890000 - 0x00007fff4592d000 	D:\Android\jre\bin\msvcp140.dll
0x00007fff37d20000 - 0x00007fff38805000 	D:\Android\jre\bin\server\jvm.dll
0x00007fff6e5c0000 - 0x00007fff6e66e000 	C:\Windows\System32\ADVAPI32.dll
0x00007fff6c870000 - 0x00007fff6c90c000 	C:\Windows\System32\sechost.dll
0x00007fff6cd00000 - 0x00007fff6ce25000 	C:\Windows\System32\RPCRT4.dll
0x00007fff6e6e0000 - 0x00007fff6e6e8000 	C:\Windows\System32\PSAPI.DLL
0x00007fff42f30000 - 0x00007fff42f39000 	C:\Windows\SYSTEM32\WSOCK32.dll
0x00007fff6e670000 - 0x00007fff6e6db000 	C:\Windows\System32\WS2_32.dll
0x00007fff63330000 - 0x00007fff6333a000 	C:\Windows\SYSTEM32\VERSION.dll
0x00007fff63070000 - 0x00007fff63097000 	C:\Windows\SYSTEM32\WINMM.dll
0x00007fff69c30000 - 0x00007fff69c42000 	C:\Windows\SYSTEM32\kernel.appcore.dll
0x00007fff676e0000 - 0x00007fff676f1000 	D:\Android\jre\bin\verify.dll
0x00007fff540a0000 - 0x00007fff54284000 	C:\Windows\SYSTEM32\DBGHELP.DLL
0x00007fff54070000 - 0x00007fff5409c000 	C:\Windows\SYSTEM32\dbgcore.DLL
0x00007fff6c260000 - 0x00007fff6c2e2000 	C:\Windows\System32\bcryptPrimitives.dll
0x00007fff5cec0000 - 0x00007fff5cee9000 	D:\Android\jre\bin\java.dll
0x00007fff65780000 - 0x00007fff6578b000 	D:\Android\jre\bin\jimage.dll
0x00007fff65720000 - 0x00007fff65738000 	D:\Android\jre\bin\zip.dll
0x00007fff6d360000 - 0x00007fff6daa4000 	C:\Windows\System32\SHELL32.dll
0x00007fff69f10000 - 0x00007fff6a6a5000 	C:\Windows\SYSTEM32\windows.storage.dll
0x00007fff6c910000 - 0x00007fff6cc65000 	C:\Windows\System32\combase.dll
0x00007fff6b760000 - 0x00007fff6b78e000 	C:\Windows\SYSTEM32\Wldp.dll
0x00007fff6e030000 - 0x00007fff6e0dd000 	C:\Windows\System32\SHCORE.dll
0x00007fff6cc70000 - 0x00007fff6ccc5000 	C:\Windows\System32\shlwapi.dll
0x00007fff6bda0000 - 0x00007fff6bdbf000 	C:\Windows\SYSTEM32\profapi.dll
0x00007fff55d80000 - 0x00007fff55d9a000 	D:\Android\jre\bin\net.dll
0x00007fff64d30000 - 0x00007fff64e3c000 	C:\Windows\SYSTEM32\WINHTTP.dll
0x00007fff6b540000 - 0x00007fff6b5aa000 	C:\Windows\system32\mswsock.dll
0x00007fff55d60000 - 0x00007fff55d74000 	D:\Android\jre\bin\nio.dll
0x00007fff41f00000 - 0x00007fff41f27000 	C:\Users\ILLU\.gradle\native\e1d6ef7f7dcc3fd88c89a11ec53ec762bb8ba0a96d01ffa2cd45eb1d1d8dd5c5\windows-amd64\native-platform.dll
0x00007fff37bd0000 - 0x00007fff37d14000 	C:\Users\ILLU\.gradle\native\5664cfc778a61ccfe75a443a1ab52a65af34e5dc3c78e0209fed803814484fcb\windows-amd64\native-platform-file-events.dll
0x00007fff5d360000 - 0x00007fff5d36a000 	D:\Android\jre\bin\management.dll
0x00007fff58380000 - 0x00007fff5838d000 	D:\Android\jre\bin\management_ext.dll
0x00007fff6b810000 - 0x00007fff6b828000 	C:\Windows\SYSTEM32\CRYPTSP.dll
0x00007fff6ae80000 - 0x00007fff6aeb4000 	C:\Windows\system32\rsaenh.dll
0x00007fff6bec0000 - 0x00007fff6bee7000 	C:\Windows\System32\bcrypt.dll
0x00007fff6bd20000 - 0x00007fff6bd4e000 	C:\Windows\SYSTEM32\USERENV.dll
0x00007fff6b6d0000 - 0x00007fff6b6dc000 	C:\Windows\SYSTEM32\CRYPTBASE.dll
0x00007fff6b250000 - 0x00007fff6b28b000 	C:\Windows\SYSTEM32\IPHLPAPI.DLL
0x00007fff6dcf0000 - 0x00007fff6dcf8000 	C:\Windows\System32\NSI.dll
0x00007fff63d70000 - 0x00007fff63d87000 	C:\Windows\SYSTEM32\dhcpcsvc6.DLL
0x00007fff63d10000 - 0x00007fff63d2d000 	C:\Windows\SYSTEM32\dhcpcsvc.DLL
0x00007fff6b290000 - 0x00007fff6b35b000 	C:\Windows\SYSTEM32\DNSAPI.dll

dbghelp: loaded successfully - version: 4.0.5 - missing functions: none
symbol engine: initialized successfully - sym options: 0x614 - pdb path: .;D:\Android\jre\bin;C:\Windows\SYSTEM32;C:\Windows\WinSxS\amd64_microsoft.windows.common-controls_6595b64144ccf1df_6.0.19041.1110_none_60b5254171f9507e;D:\Android\jre\bin\server;C:\Users\ILLU\.gradle\native\e1d6ef7f7dcc3fd88c89a11ec53ec762bb8ba0a96d01ffa2cd45eb1d1d8dd5c5\windows-amd64;C:\Users\ILLU\.gradle\native\5664cfc778a61ccfe75a443a1ab52a65af34e5dc3c78e0209fed803814484fcb\windows-amd64

VM Arguments:
jvm_args: --add-opens=java.base/java.util=ALL-UNNAMED --add-opens=java.base/java.lang=ALL-UNNAMED --add-opens=java.base/java.lang.invoke=ALL-UNNAMED --add-opens=java.base/java.util=ALL-UNNAMED --add-opens=java.prefs/java.util.prefs=ALL-UNNAMED --add-opens=java.prefs/java.util.prefs=ALL-UNNAMED --add-opens=java.base/java.nio.charset=ALL-UNNAMED --add-opens=java.base/java.net=ALL-UNNAMED --add-opens=java.base/java.util.concurrent.atomic=ALL-UNNAMED -Xmx1024M -Dfile.encoding=UTF-8 -Duser.country=RU -Duser.language=ru -Duser.variant 
java_command: org.gradle.launcher.daemon.bootstrap.GradleDaemon 7.3.3
java_class_path (initial): C:\Users\ILLU\.gradle\wrapper\dists\gradle-7.3.3-bin\6a41zxkdtcxs8rphpq6y0069z\gradle-7.3.3\lib\gradle-launcher-7.3.3.jar
Launcher Type: SUN_STANDARD

[Global flags]
     intx CICompilerCount                          = 4                                         {product} {ergonomic}
     uint ConcGCThreads                            = 2                                         {product} {ergonomic}
     uint G1ConcRefinementThreads                  = 8                                         {product} {ergonomic}
   size_t G1HeapRegionSize                         = 1048576                                   {product} {ergonomic}
    uintx GCDrainStackTargetSize                   = 64                                        {product} {ergonomic}
   size_t InitialHeapSize                          = 167772160                                 {product} {ergonomic}
   size_t MarkStackSize                            = 4194304                                   {product} {ergonomic}
   size_t MaxHeapSize                              = 1073741824                                {product} {command line}
   size_t MaxNewSize                               = 643825664                                 {product} {ergonomic}
   size_t MinHeapDeltaBytes                        = 1048576                                   {product} {ergonomic}
    uintx NonNMethodCodeHeapSize                   = 5836300                                {pd product} {ergonomic}
    uintx NonProfiledCodeHeapSize                  = 122910970                              {pd product} {ergonomic}
    uintx ProfiledCodeHeapSize                     = 122910970                              {pd product} {ergonomic}
    uintx ReservedCodeCacheSize                    = 251658240                              {pd product} {ergonomic}
     bool SegmentedCodeCache                       = true                                      {product} {ergonomic}
     bool UseCompressedClassPointers               = true                                 {lp64_product} {ergonomic}
     bool UseCompressedOops                        = true                                 {lp64_product} {ergonomic}
     bool UseG1GC                                  = true                                      {product} {ergonomic}
     bool UseLargePagesIndividualAllocation        = false                                  {pd product} {ergonomic}

Logging:
Log output configuration:
 #0: stdout all=warning uptime,level,tags
 #1: stderr all=off uptime,level,tags

Environment Variables:
PATH=C:\Program Files (x86)\VMware\VMware Workstation\bin\;C:\Program Files (x86)\Common Files\Oracle\Java\javapath;C:\Windows\system32;C:\Windows;C:\Windows\System32\Wbem;C:\Windows\System32\WindowsPowerShell\v1.0\;C:\Windows\System32\OpenSSH\;C:\Program Files (x86)\Windows Kits\8.1\Windows Performance Toolkit\;C:\Program Files\Git\cmd;C:\Program Files\dotnet\;C:\Program Files (x86)\Windows Kits\10\Windows Performance Toolkit\;C:\Program Files\nodejs\;C:\Program Files\Microsoft SQL Server\130\Tools\Binn\;C:\Program Files\Microsoft SQL Server\Client SDK\ODBC\170\Tools\Binn\;C:\Program Files\Microsoft SQL Server\Client SDK\ODBC\130\Tools\Binn\;C:\Program Files (x86)\Microsoft SQL Server\140\Tools\Binn\;C:\Program Files\Microsoft SQL Server\140\Tools\Binn\;C:\Program Files\Microsoft SQL Server\140\DTS\Binn\;C:\Program Files\Microsoft SQL Server\110\Tools\Binn\;C:\Users\ILLU\Downloads\php-8.1.5-Win32-vs16-x64;
USERNAME=ILLU
OS=Windows_NT
PROCESSOR_IDENTIFIER=AMD64 Family 23 Model 24 Stepping 1, AuthenticAMD



---------------  S Y S T E M  ---------------

OS: Windows 10 , 64 bit Build 19041 (10.0.19041.1466)
OS uptime: 0 days 7:10 hours
Hyper-V role detected

CPU:total 8 (initial active 8) (8 cores per cpu, 2 threads per core) family 23 model 24 stepping 1 microcode 0x0, cmov, cx8, fxsr, mmx, sse, sse2, sse3, ssse3, sse4.1, sse4.2, popcnt, avx, avx2, aes, clmul, mmxext, 3dnowpref, lzcnt, sse4a, ht, tsc, tscinvbit, tscinv, bmi1, bmi2, adx, sha, fma

Memory: 4k page, system-wide physical 10187M (589M free)
TotalPageFile size 12235M (AvailPageFile size 6M)
current process WorkingSet (physical memory assigned to process): 193M, peak: 193M
current process commit charge ("private bytes"): 319M, peak: 321M

vm_info: OpenJDK 64-Bit Server VM (11.0.12+7-b1504.28-7817840) for windows-amd64 JRE (11.0.12+7-b1504.28-7817840), built on Oct 13 2021 22:12:33 by "builder" with MS VC++ 14.0 (VS2015)

END.
